<?xml version="1.0" encoding="UTF-8"?>
<!-- Generated by org.testng.reporters.JUnitReportReporter -->
<testsuite skipped="0" hostname="LENOVO-PC" name="DataDriven.NewTours_NewUserRegistartion" tests="2" failures="0" timestamp="18 Nov 2017 18:10:53 GMT" time="3.265" errors="0">
  <testcase name="Register" time="1.088" classname="DataDriven.NewTours_NewUserRegistartion"/>
  <testcase name="NewUserRegistartion" time="2.177" classname="DataDriven.NewTours_NewUserRegistartion"/>
</testsuite> <!-- DataDriven.NewTours_NewUserRegistartion -->
