<?xml version="1.0" encoding="UTF-8"?>
<!-- Generated by org.testng.reporters.JUnitReportReporter -->
<testsuite skipped="0" hostname="LENOVO-PC" name="com.POM.NewToursHomePageTesting" tests="1" failures="0" timestamp="18 Nov 2017 18:05:11 GMT" time="17.719" errors="0">
  <testcase name="HomePageTesting" time="17.719" classname="com.POM.NewToursHomePageTesting"/>
</testsuite> <!-- com.POM.NewToursHomePageTesting -->
