<?xml version="1.0" encoding="UTF-8"?>
<!-- Generated by org.testng.reporters.JUnitReportReporter -->
<testsuite skipped="0" hostname="LENOVO-PC" name="com.Keyword.NewToursLogInTest" tests="1" failures="0" timestamp="16 Nov 2017 03:12:01 GMT" time="3.945" errors="0">
  <testcase name="LogIn" time="3.945" classname="com.Keyword.NewToursLogInTest"/>
</testsuite> <!-- com.Keyword.NewToursLogInTest -->
