<?xml version="1.0" encoding="UTF-8"?>
<!-- Generated by org.testng.reporters.JUnitReportReporter -->
<testsuite skipped="1" hostname="LENOVO-PC" name="com.TestNGAnnotations.Annotations1" tests="2" failures="0" timestamp="16 Nov 2017 17:35:28 GMT" time="0.010" errors="0">
  <testcase name="LogIn" time="0.010" classname="com.TestNGAnnotations.Annotations1"/>
  <testcase name="ComposeMail" classname="com.TestNGAnnotations.Annotations1">
    <skipped/>
  </testcase> <!-- ComposeMail -->
</testsuite> <!-- com.TestNGAnnotations.Annotations1 -->
