<?xml version="1.0" encoding="UTF-8"?>
<!-- Generated by org.testng.reporters.JUnitReportReporter -->
<testsuite skipped="0" hostname="LENOVO-PC" name="com.TestNGAnnotations.Annotations3" tests="2" failures="0" timestamp="16 Nov 2017 17:36:20 GMT" time="0.020" errors="0">
  <testcase name="ComposeMail" time="0.019" classname="com.TestNGAnnotations.Annotations3"/>
  <testcase name="SentMail" time="0.001" classname="com.TestNGAnnotations.Annotations3"/>
</testsuite> <!-- com.TestNGAnnotations.Annotations3 -->
