<?xml version="1.0" encoding="UTF-8"?>
<!-- Generated by org.testng.reporters.JUnitReportReporter -->
<testsuite skipped="0" hostname="LENOVO-PC" name="ExcelOperations.NewTours_NewUserRegistration_TestData" tests="2" failures="0" timestamp="16 Nov 2017 03:36:43 GMT" time="10.219" errors="0">
  <testcase name="Register" time="1.090" classname="ExcelOperations.NewTours_NewUserRegistration_TestData"/>
  <testcase name="NewUserRegistartion" time="9.129" classname="ExcelOperations.NewTours_NewUserRegistration_TestData"/>
</testsuite> <!-- ExcelOperations.NewTours_NewUserRegistration_TestData -->
