<?xml version="1.0" encoding="UTF-8"?>
<!-- Generated by org.testng.reporters.JUnitReportReporter -->
<testsuite skipped="0" hostname="LENOVO-PC" name="com.TestNGAnnotations.Annotations2" tests="2" failures="0" timestamp="16 Nov 2017 17:35:06 GMT" time="0.012" errors="0">
  <testcase name="LogIn" time="0.010" classname="com.TestNGAnnotations.Annotations2"/>
  <testcase name="SentMail" time="0.002" classname="com.TestNGAnnotations.Annotations2"/>
</testsuite> <!-- com.TestNGAnnotations.Annotations2 -->
