<?xml version="1.0" encoding="UTF-8"?>
<!-- Generated by org.testng.reporters.JUnitReportReporter -->
<testsuite skipped="0" hostname="LENOVO-PC" name="com.Keyword.NewToursLogInTest" tests="1" failures="0" timestamp="18 Nov 2017 17:10:23 GMT" time="4.571" errors="0">
  <testcase name="LogIn" time="4.571" classname="com.Keyword.NewToursLogInTest"/>
</testsuite> <!-- com.Keyword.NewToursLogInTest -->
