<?xml version="1.0" encoding="UTF-8"?>
<!-- Generated by org.testng.reporters.JUnitReportReporter -->
<testsuite skipped="0" hostname="LENOVO-PC" name="com.Module1.FindAllLinks" tests="2" failures="0" timestamp="16 Nov 2017 18:03:05 GMT" time="11.597" errors="0">
  <testcase name="Register" time="1.138" classname="com.Module1.FindAllLinks"/>
  <testcase name="NewUserRegistartion" time="10.459" classname="com.Module1.FindAllLinks"/>
</testsuite> <!-- com.Module1.FindAllLinks -->
